running egg_info
writing ../../build/ekf_slam_gazebo/ekf_slam_gazebo.egg-info/PKG-INFO
writing dependency_links to ../../build/ekf_slam_gazebo/ekf_slam_gazebo.egg-info/dependency_links.txt
writing entry points to ../../build/ekf_slam_gazebo/ekf_slam_gazebo.egg-info/entry_points.txt
writing requirements to ../../build/ekf_slam_gazebo/ekf_slam_gazebo.egg-info/requires.txt
writing top-level names to ../../build/ekf_slam_gazebo/ekf_slam_gazebo.egg-info/top_level.txt
reading manifest file '../../build/ekf_slam_gazebo/ekf_slam_gazebo.egg-info/SOURCES.txt'
writing manifest file '../../build/ekf_slam_gazebo/ekf_slam_gazebo.egg-info/SOURCES.txt'
running build
running build_py
copying ekf_slam_gazebo/controller_node.py -> /home/aniketh05/ros2_slam_ws/build/ekf_slam_gazebo/build/lib/ekf_slam_gazebo
copying ekf_slam_gazebo/slam_node.py -> /home/aniketh05/ros2_slam_ws/build/ekf_slam_gazebo/build/lib/ekf_slam_gazebo
running install
running install_lib
copying /home/aniketh05/ros2_slam_ws/build/ekf_slam_gazebo/build/lib/ekf_slam_gazebo/controller_node.py -> /home/aniketh05/ros2_slam_ws/install/ekf_slam_gazebo/lib/python3.10/site-packages/ekf_slam_gazebo
copying /home/aniketh05/ros2_slam_ws/build/ekf_slam_gazebo/build/lib/ekf_slam_gazebo/slam_node.py -> /home/aniketh05/ros2_slam_ws/install/ekf_slam_gazebo/lib/python3.10/site-packages/ekf_slam_gazebo
byte-compiling /home/aniketh05/ros2_slam_ws/install/ekf_slam_gazebo/lib/python3.10/site-packages/ekf_slam_gazebo/controller_node.py to controller_node.cpython-310.pyc
byte-compiling /home/aniketh05/ros2_slam_ws/install/ekf_slam_gazebo/lib/python3.10/site-packages/ekf_slam_gazebo/slam_node.py to slam_node.cpython-310.pyc
running install_data
copying package.xml -> /home/aniketh05/ros2_slam_ws/install/ekf_slam_gazebo/share/ekf_slam_gazebo
copying launch/slam_launch.py -> /home/aniketh05/ros2_slam_ws/install/ekf_slam_gazebo/share/ekf_slam_gazebo/launch
copying worlds/room.world -> /home/aniketh05/ros2_slam_ws/install/ekf_slam_gazebo/share/ekf_slam_gazebo/worlds
copying models/robot.urdf -> /home/aniketh05/ros2_slam_ws/install/ekf_slam_gazebo/share/ekf_slam_gazebo/models
running install_egg_info
removing '/home/aniketh05/ros2_slam_ws/install/ekf_slam_gazebo/lib/python3.10/site-packages/ekf_slam_gazebo-0.0.1-py3.10.egg-info' (and everything under it)
Copying ../../build/ekf_slam_gazebo/ekf_slam_gazebo.egg-info to /home/aniketh05/ros2_slam_ws/install/ekf_slam_gazebo/lib/python3.10/site-packages/ekf_slam_gazebo-0.0.1-py3.10.egg-info
running install_scripts
Installing controller_node script to /home/aniketh05/ros2_slam_ws/install/ekf_slam_gazebo/lib/ekf_slam_gazebo
Installing slam_node script to /home/aniketh05/ros2_slam_ws/install/ekf_slam_gazebo/lib/ekf_slam_gazebo
writing list of installed files to '/home/aniketh05/ros2_slam_ws/build/ekf_slam_gazebo/install.log'
