[0.490s] Invoking command in '/home/aniketh05/ros2_slam_ws/src/ekf_slam_gazebo': PYTHONPATH=/home/aniketh05/ros2_slam_ws/build/ekf_slam_gazebo/prefix_override:/usr/lib/python3/dist-packages/colcon_core/task/python/colcon_distutils_commands:/home/aniketh05/ros2_slam_ws/install/ekf_slam_gazebo/lib/python3.10/site-packages:${PYTHONPATH} /usr/bin/python3 -W ignore:setup.py install is deprecated -W ignore:easy_install command is deprecated setup.py egg_info --egg-base ../../build/ekf_slam_gazebo build --build-base /home/aniketh05/ros2_slam_ws/build/ekf_slam_gazebo/build install --record /home/aniketh05/ros2_slam_ws/build/ekf_slam_gazebo/install.log --single-version-externally-managed install_data
[0.670s] running egg_info
[0.671s] writing ../../build/ekf_slam_gazebo/ekf_slam_gazebo.egg-info/PKG-INFO
[0.671s] writing dependency_links to ../../build/ekf_slam_gazebo/ekf_slam_gazebo.egg-info/dependency_links.txt
[0.671s] writing entry points to ../../build/ekf_slam_gazebo/ekf_slam_gazebo.egg-info/entry_points.txt
[0.671s] writing requirements to ../../build/ekf_slam_gazebo/ekf_slam_gazebo.egg-info/requires.txt
[0.671s] writing top-level names to ../../build/ekf_slam_gazebo/ekf_slam_gazebo.egg-info/top_level.txt
[0.673s] reading manifest file '../../build/ekf_slam_gazebo/ekf_slam_gazebo.egg-info/SOURCES.txt'
[0.673s] writing manifest file '../../build/ekf_slam_gazebo/ekf_slam_gazebo.egg-info/SOURCES.txt'
[0.673s] running build
[0.673s] running build_py
[0.674s] copying ekf_slam_gazebo/controller_node.py -> /home/aniketh05/ros2_slam_ws/build/ekf_slam_gazebo/build/lib/ekf_slam_gazebo
[0.674s] copying ekf_slam_gazebo/slam_node.py -> /home/aniketh05/ros2_slam_ws/build/ekf_slam_gazebo/build/lib/ekf_slam_gazebo
[0.674s] running install
[0.675s] running install_lib
[0.675s] copying /home/aniketh05/ros2_slam_ws/build/ekf_slam_gazebo/build/lib/ekf_slam_gazebo/controller_node.py -> /home/aniketh05/ros2_slam_ws/install/ekf_slam_gazebo/lib/python3.10/site-packages/ekf_slam_gazebo
[0.675s] copying /home/aniketh05/ros2_slam_ws/build/ekf_slam_gazebo/build/lib/ekf_slam_gazebo/slam_node.py -> /home/aniketh05/ros2_slam_ws/install/ekf_slam_gazebo/lib/python3.10/site-packages/ekf_slam_gazebo
[0.676s] byte-compiling /home/aniketh05/ros2_slam_ws/install/ekf_slam_gazebo/lib/python3.10/site-packages/ekf_slam_gazebo/controller_node.py to controller_node.cpython-310.pyc
[0.676s] byte-compiling /home/aniketh05/ros2_slam_ws/install/ekf_slam_gazebo/lib/python3.10/site-packages/ekf_slam_gazebo/slam_node.py to slam_node.cpython-310.pyc
[0.679s] running install_data
[0.679s] copying launch/slam_launch.py -> /home/aniketh05/ros2_slam_ws/install/ekf_slam_gazebo/share/ekf_slam_gazebo/launch
[0.679s] copying models/robot.urdf -> /home/aniketh05/ros2_slam_ws/install/ekf_slam_gazebo/share/ekf_slam_gazebo/models
[0.679s] running install_egg_info
[0.681s] removing '/home/aniketh05/ros2_slam_ws/install/ekf_slam_gazebo/lib/python3.10/site-packages/ekf_slam_gazebo-1.0.0-py3.10.egg-info' (and everything under it)
[0.682s] Copying ../../build/ekf_slam_gazebo/ekf_slam_gazebo.egg-info to /home/aniketh05/ros2_slam_ws/install/ekf_slam_gazebo/lib/python3.10/site-packages/ekf_slam_gazebo-1.0.0-py3.10.egg-info
[0.684s] running install_scripts
[0.698s] Installing controller_node script to /home/aniketh05/ros2_slam_ws/install/ekf_slam_gazebo/lib/ekf_slam_gazebo
[0.698s] Installing slam_node script to /home/aniketh05/ros2_slam_ws/install/ekf_slam_gazebo/lib/ekf_slam_gazebo
[0.698s] writing list of installed files to '/home/aniketh05/ros2_slam_ws/build/ekf_slam_gazebo/install.log'
[0.721s] Invoked command in '/home/aniketh05/ros2_slam_ws/src/ekf_slam_gazebo' returned '0': PYTHONPATH=/home/aniketh05/ros2_slam_ws/build/ekf_slam_gazebo/prefix_override:/usr/lib/python3/dist-packages/colcon_core/task/python/colcon_distutils_commands:/home/aniketh05/ros2_slam_ws/install/ekf_slam_gazebo/lib/python3.10/site-packages:${PYTHONPATH} /usr/bin/python3 -W ignore:setup.py install is deprecated -W ignore:easy_install command is deprecated setup.py egg_info --egg-base ../../build/ekf_slam_gazebo build --build-base /home/aniketh05/ros2_slam_ws/build/ekf_slam_gazebo/build install --record /home/aniketh05/ros2_slam_ws/build/ekf_slam_gazebo/install.log --single-version-externally-managed install_data
