[1.442s] Invoking command in '/home/aniketh05/ros2_slam_ws/src/ekf_slam_gazebo': PYTHONPATH=/home/aniketh05/ros2_slam_ws/build/ekf_slam_gazebo/prefix_override:/usr/lib/python3/dist-packages/colcon_core/task/python/colcon_distutils_commands:/home/aniketh05/ros2_slam_ws/install/ekf_slam_gazebo/lib/python3.10/site-packages:${PYTHONPATH} /usr/bin/python3 -W ignore:setup.py install is deprecated -W ignore:easy_install command is deprecated setup.py egg_info --egg-base ../../build/ekf_slam_gazebo build --build-base /home/aniketh05/ros2_slam_ws/build/ekf_slam_gazebo/build install --record /home/aniketh05/ros2_slam_ws/build/ekf_slam_gazebo/install.log --single-version-externally-managed install_data
[2.018s] running egg_info
[2.019s] writing ../../build/ekf_slam_gazebo/ekf_slam_gazebo.egg-info/PKG-INFO
[2.020s] writing dependency_links to ../../build/ekf_slam_gazebo/ekf_slam_gazebo.egg-info/dependency_links.txt
[2.020s] writing entry points to ../../build/ekf_slam_gazebo/ekf_slam_gazebo.egg-info/entry_points.txt
[2.021s] writing requirements to ../../build/ekf_slam_gazebo/ekf_slam_gazebo.egg-info/requires.txt
[2.021s] writing top-level names to ../../build/ekf_slam_gazebo/ekf_slam_gazebo.egg-info/top_level.txt
[2.024s] reading manifest file '../../build/ekf_slam_gazebo/ekf_slam_gazebo.egg-info/SOURCES.txt'
[2.026s] writing manifest file '../../build/ekf_slam_gazebo/ekf_slam_gazebo.egg-info/SOURCES.txt'
[2.027s] running build
[2.027s] running build_py
[2.029s] copying ekf_slam_gazebo/controller_node.py -> /home/aniketh05/ros2_slam_ws/build/ekf_slam_gazebo/build/lib/ekf_slam_gazebo
[2.031s] running install
[2.032s] running install_lib
[2.033s] copying /home/aniketh05/ros2_slam_ws/build/ekf_slam_gazebo/build/lib/ekf_slam_gazebo/controller_node.py -> /home/aniketh05/ros2_slam_ws/install/ekf_slam_gazebo/lib/python3.10/site-packages/ekf_slam_gazebo
[2.034s] byte-compiling /home/aniketh05/ros2_slam_ws/install/ekf_slam_gazebo/lib/python3.10/site-packages/ekf_slam_gazebo/controller_node.py to controller_node.cpython-310.pyc
[2.038s] running install_data
[2.043s] running install_egg_info
[2.049s] removing '/home/aniketh05/ros2_slam_ws/install/ekf_slam_gazebo/lib/python3.10/site-packages/ekf_slam_gazebo-1.0.0-py3.10.egg-info' (and everything under it)
[2.050s] Copying ../../build/ekf_slam_gazebo/ekf_slam_gazebo.egg-info to /home/aniketh05/ros2_slam_ws/install/ekf_slam_gazebo/lib/python3.10/site-packages/ekf_slam_gazebo-1.0.0-py3.10.egg-info
[2.051s] running install_scripts
[2.093s] Installing controller_node script to /home/aniketh05/ros2_slam_ws/install/ekf_slam_gazebo/lib/ekf_slam_gazebo
[2.093s] Installing slam_node script to /home/aniketh05/ros2_slam_ws/install/ekf_slam_gazebo/lib/ekf_slam_gazebo
[2.094s] writing list of installed files to '/home/aniketh05/ros2_slam_ws/build/ekf_slam_gazebo/install.log'
[2.150s] Invoked command in '/home/aniketh05/ros2_slam_ws/src/ekf_slam_gazebo' returned '0': PYTHONPATH=/home/aniketh05/ros2_slam_ws/build/ekf_slam_gazebo/prefix_override:/usr/lib/python3/dist-packages/colcon_core/task/python/colcon_distutils_commands:/home/aniketh05/ros2_slam_ws/install/ekf_slam_gazebo/lib/python3.10/site-packages:${PYTHONPATH} /usr/bin/python3 -W ignore:setup.py install is deprecated -W ignore:easy_install command is deprecated setup.py egg_info --egg-base ../../build/ekf_slam_gazebo build --build-base /home/aniketh05/ros2_slam_ws/build/ekf_slam_gazebo/build install --record /home/aniketh05/ros2_slam_ws/build/ekf_slam_gazebo/install.log --single-version-externally-managed install_data
