[0.843s] Invoking command in '/home/aniketh05/ros2_slam_ws/src/ekf_slam_gazebo': PYTHONPATH=/home/aniketh05/ros2_slam_ws/build/ekf_slam_gazebo/prefix_override:/usr/lib/python3/dist-packages/colcon_core/task/python/colcon_distutils_commands:/home/aniketh05/ros2_slam_ws/install/ekf_slam_gazebo/lib/python3.10/site-packages:${PYTHONPATH} /usr/bin/python3 -W ignore:setup.py install is deprecated -W ignore:easy_install command is deprecated setup.py egg_info --egg-base ../../build/ekf_slam_gazebo build --build-base /home/aniketh05/ros2_slam_ws/build/ekf_slam_gazebo/build install --record /home/aniketh05/ros2_slam_ws/build/ekf_slam_gazebo/install.log --single-version-externally-managed install_data
[1.152s] running egg_info
[1.153s] writing ../../build/ekf_slam_gazebo/ekf_slam_gazebo.egg-info/PKG-INFO
[1.154s] writing dependency_links to ../../build/ekf_slam_gazebo/ekf_slam_gazebo.egg-info/dependency_links.txt
[1.155s] writing entry points to ../../build/ekf_slam_gazebo/ekf_slam_gazebo.egg-info/entry_points.txt
[1.155s] writing requirements to ../../build/ekf_slam_gazebo/ekf_slam_gazebo.egg-info/requires.txt
[1.155s] writing top-level names to ../../build/ekf_slam_gazebo/ekf_slam_gazebo.egg-info/top_level.txt
[1.156s] reading manifest file '../../build/ekf_slam_gazebo/ekf_slam_gazebo.egg-info/SOURCES.txt'
[1.157s] writing manifest file '../../build/ekf_slam_gazebo/ekf_slam_gazebo.egg-info/SOURCES.txt'
[1.158s] running build
[1.158s] running build_py
[1.158s] copying ekf_slam_gazebo/controller_node.py -> /home/aniketh05/ros2_slam_ws/build/ekf_slam_gazebo/build/lib/ekf_slam_gazebo
[1.158s] running install
[1.158s] running install_lib
[1.159s] copying /home/aniketh05/ros2_slam_ws/build/ekf_slam_gazebo/build/lib/ekf_slam_gazebo/controller_node.py -> /home/aniketh05/ros2_slam_ws/install/ekf_slam_gazebo/lib/python3.10/site-packages/ekf_slam_gazebo
[1.160s] byte-compiling /home/aniketh05/ros2_slam_ws/install/ekf_slam_gazebo/lib/python3.10/site-packages/ekf_slam_gazebo/controller_node.py to controller_node.cpython-310.pyc
[1.162s] running install_data
[1.162s] running install_egg_info
[1.164s] removing '/home/aniketh05/ros2_slam_ws/install/ekf_slam_gazebo/lib/python3.10/site-packages/ekf_slam_gazebo-1.0.0-py3.10.egg-info' (and everything under it)
[1.164s] Copying ../../build/ekf_slam_gazebo/ekf_slam_gazebo.egg-info to /home/aniketh05/ros2_slam_ws/install/ekf_slam_gazebo/lib/python3.10/site-packages/ekf_slam_gazebo-1.0.0-py3.10.egg-info
[1.166s] running install_scripts
[1.190s] Installing controller_node script to /home/aniketh05/ros2_slam_ws/install/ekf_slam_gazebo/lib/ekf_slam_gazebo
[1.191s] Installing slam_node script to /home/aniketh05/ros2_slam_ws/install/ekf_slam_gazebo/lib/ekf_slam_gazebo
[1.191s] writing list of installed files to '/home/aniketh05/ros2_slam_ws/build/ekf_slam_gazebo/install.log'
[1.220s] Invoked command in '/home/aniketh05/ros2_slam_ws/src/ekf_slam_gazebo' returned '0': PYTHONPATH=/home/aniketh05/ros2_slam_ws/build/ekf_slam_gazebo/prefix_override:/usr/lib/python3/dist-packages/colcon_core/task/python/colcon_distutils_commands:/home/aniketh05/ros2_slam_ws/install/ekf_slam_gazebo/lib/python3.10/site-packages:${PYTHONPATH} /usr/bin/python3 -W ignore:setup.py install is deprecated -W ignore:easy_install command is deprecated setup.py egg_info --egg-base ../../build/ekf_slam_gazebo build --build-base /home/aniketh05/ros2_slam_ws/build/ekf_slam_gazebo/build install --record /home/aniketh05/ros2_slam_ws/build/ekf_slam_gazebo/install.log --single-version-externally-managed install_data
