running develop
/home/aniketh05/.local/lib/python3.10/site-packages/pkg_resources/__init__.py:116: PkgResourcesDeprecationWarning: 2.0.5-build-libtorrent-rasterbar-qrM5vM-libtorrent-rasterbar-2.0.5-bindings-python is an invalid version and will not be supported in a future release
  warnings.warn(
running egg_info
creating ekf_slam_gazebo.egg-info
writing ekf_slam_gazebo.egg-info/PKG-INFO
writing dependency_links to ekf_slam_gazebo.egg-info/dependency_links.txt
writing entry points to ekf_slam_gazebo.egg-info/entry_points.txt
writing requirements to ekf_slam_gazebo.egg-info/requires.txt
writing top-level names to ekf_slam_gazebo.egg-info/top_level.txt
writing manifest file 'ekf_slam_gazebo.egg-info/SOURCES.txt'
reading manifest file 'ekf_slam_gazebo.egg-info/SOURCES.txt'
writing manifest file 'ekf_slam_gazebo.egg-info/SOURCES.txt'
running build_ext
Creating /home/aniketh05/ros2_slam_ws/install/ekf_slam_gazebo/lib/python3.10/site-packages/ekf-slam-gazebo.egg-link (link to .)
Installing controller_node script to /home/aniketh05/ros2_slam_ws/install/ekf_slam_gazebo/lib/ekf_slam_gazebo
Installing slam_node script to /home/aniketh05/ros2_slam_ws/install/ekf_slam_gazebo/lib/ekf_slam_gazebo

Installed /home/aniketh05/ros2_slam_ws/build/ekf_slam_gazebo
running symlink_data
creating /home/aniketh05/ros2_slam_ws/install/ekf_slam_gazebo/share/ament_index
creating /home/aniketh05/ros2_slam_ws/install/ekf_slam_gazebo/share/ament_index/resource_index
creating /home/aniketh05/ros2_slam_ws/install/ekf_slam_gazebo/share/ament_index/resource_index/packages
symbolically linking /home/aniketh05/ros2_slam_ws/build/ekf_slam_gazebo/resource/ekf_slam_gazebo -> /home/aniketh05/ros2_slam_ws/install/ekf_slam_gazebo/share/ament_index/resource_index/packages
symbolically linking /home/aniketh05/ros2_slam_ws/build/ekf_slam_gazebo/package.xml -> /home/aniketh05/ros2_slam_ws/install/ekf_slam_gazebo/share/ekf_slam_gazebo
creating /home/aniketh05/ros2_slam_ws/install/ekf_slam_gazebo/share/ekf_slam_gazebo/launch
symbolically linking /home/aniketh05/ros2_slam_ws/build/ekf_slam_gazebo/launch/slam_launch.py -> /home/aniketh05/ros2_slam_ws/install/ekf_slam_gazebo/share/ekf_slam_gazebo/launch
creating /home/aniketh05/ros2_slam_ws/install/ekf_slam_gazebo/share/ekf_slam_gazebo/worlds
symbolically linking /home/aniketh05/ros2_slam_ws/build/ekf_slam_gazebo/worlds/room.world -> /home/aniketh05/ros2_slam_ws/install/ekf_slam_gazebo/share/ekf_slam_gazebo/worlds
creating /home/aniketh05/ros2_slam_ws/install/ekf_slam_gazebo/share/ekf_slam_gazebo/models
symbolically linking /home/aniketh05/ros2_slam_ws/build/ekf_slam_gazebo/models/robot.urdf -> /home/aniketh05/ros2_slam_ws/install/ekf_slam_gazebo/share/ekf_slam_gazebo/models
