[0.874s] Invoking command in '/home/aniketh05/ros2_slam_ws/build/ekf_slam_gazebo': PYTHONPATH=/home/aniketh05/ros2_slam_ws/build/ekf_slam_gazebo/prefix_override:/usr/lib/python3/dist-packages/colcon_core/task/python/colcon_distutils_commands:/home/aniketh05/ros2_slam_ws/install/ekf_slam_gazebo/lib/python3.10/site-packages:${PYTHONPATH} /usr/bin/python3 -W ignore:setup.py install is deprecated -W ignore:easy_install command is deprecated setup.py develop --editable --build-directory /home/aniketh05/ros2_slam_ws/build/ekf_slam_gazebo/build --no-deps symlink_data
[1.127s] running develop
[1.164s] /home/aniketh05/.local/lib/python3.10/site-packages/pkg_resources/__init__.py:116: PkgResourcesDeprecationWarning: 2.0.5-build-libtorrent-rasterbar-qrM5vM-libtorrent-rasterbar-2.0.5-bindings-python is an invalid version and will not be supported in a future release
[1.164s]   warnings.warn(
[1.250s] running egg_info
[1.250s] creating ekf_slam_gazebo.egg-info
[1.250s] writing ekf_slam_gazebo.egg-info/PKG-INFO
[1.250s] writing dependency_links to ekf_slam_gazebo.egg-info/dependency_links.txt
[1.251s] writing entry points to ekf_slam_gazebo.egg-info/entry_points.txt
[1.251s] writing requirements to ekf_slam_gazebo.egg-info/requires.txt
[1.251s] writing top-level names to ekf_slam_gazebo.egg-info/top_level.txt
[1.251s] writing manifest file 'ekf_slam_gazebo.egg-info/SOURCES.txt'
[1.253s] reading manifest file 'ekf_slam_gazebo.egg-info/SOURCES.txt'
[1.253s] writing manifest file 'ekf_slam_gazebo.egg-info/SOURCES.txt'
[1.254s] running build_ext
[1.254s] Creating /home/aniketh05/ros2_slam_ws/install/ekf_slam_gazebo/lib/python3.10/site-packages/ekf-slam-gazebo.egg-link (link to .)
[1.255s] Installing controller_node script to /home/aniketh05/ros2_slam_ws/install/ekf_slam_gazebo/lib/ekf_slam_gazebo
[1.256s] Installing slam_node script to /home/aniketh05/ros2_slam_ws/install/ekf_slam_gazebo/lib/ekf_slam_gazebo
[1.257s] 
[1.257s] Installed /home/aniketh05/ros2_slam_ws/build/ekf_slam_gazebo
[1.257s] running symlink_data
[1.257s] creating /home/aniketh05/ros2_slam_ws/install/ekf_slam_gazebo/share/ament_index
[1.257s] creating /home/aniketh05/ros2_slam_ws/install/ekf_slam_gazebo/share/ament_index/resource_index
[1.258s] creating /home/aniketh05/ros2_slam_ws/install/ekf_slam_gazebo/share/ament_index/resource_index/packages
[1.258s] symbolically linking /home/aniketh05/ros2_slam_ws/build/ekf_slam_gazebo/resource/ekf_slam_gazebo -> /home/aniketh05/ros2_slam_ws/install/ekf_slam_gazebo/share/ament_index/resource_index/packages
[1.258s] symbolically linking /home/aniketh05/ros2_slam_ws/build/ekf_slam_gazebo/package.xml -> /home/aniketh05/ros2_slam_ws/install/ekf_slam_gazebo/share/ekf_slam_gazebo
[1.258s] creating /home/aniketh05/ros2_slam_ws/install/ekf_slam_gazebo/share/ekf_slam_gazebo/launch
[1.259s] symbolically linking /home/aniketh05/ros2_slam_ws/build/ekf_slam_gazebo/launch/slam_launch.py -> /home/aniketh05/ros2_slam_ws/install/ekf_slam_gazebo/share/ekf_slam_gazebo/launch
[1.259s] creating /home/aniketh05/ros2_slam_ws/install/ekf_slam_gazebo/share/ekf_slam_gazebo/worlds
[1.259s] symbolically linking /home/aniketh05/ros2_slam_ws/build/ekf_slam_gazebo/worlds/room.world -> /home/aniketh05/ros2_slam_ws/install/ekf_slam_gazebo/share/ekf_slam_gazebo/worlds
[1.259s] creating /home/aniketh05/ros2_slam_ws/install/ekf_slam_gazebo/share/ekf_slam_gazebo/models
[1.260s] symbolically linking /home/aniketh05/ros2_slam_ws/build/ekf_slam_gazebo/models/robot.urdf -> /home/aniketh05/ros2_slam_ws/install/ekf_slam_gazebo/share/ekf_slam_gazebo/models
[1.285s] Invoked command in '/home/aniketh05/ros2_slam_ws/build/ekf_slam_gazebo' returned '0': PYTHONPATH=/home/aniketh05/ros2_slam_ws/build/ekf_slam_gazebo/prefix_override:/usr/lib/python3/dist-packages/colcon_core/task/python/colcon_distutils_commands:/home/aniketh05/ros2_slam_ws/install/ekf_slam_gazebo/lib/python3.10/site-packages:${PYTHONPATH} /usr/bin/python3 -W ignore:setup.py install is deprecated -W ignore:easy_install command is deprecated setup.py develop --editable --build-directory /home/aniketh05/ros2_slam_ws/build/ekf_slam_gazebo/build --no-deps symlink_data
