[0.758s] Invoking command in '/home/aniketh05/ros2_slam_ws/src/ekf_slam_gazebo': PYTHONPATH=/home/aniketh05/ros2_slam_ws/build/ekf_slam_gazebo/prefix_override:/usr/lib/python3/dist-packages/colcon_core/task/python/colcon_distutils_commands:/home/aniketh05/ros2_slam_ws/install/ekf_slam_gazebo/lib/python3.10/site-packages:${PYTHONPATH} /usr/bin/python3 -W ignore:setup.py install is deprecated -W ignore:easy_install command is deprecated setup.py egg_info --egg-base ../../build/ekf_slam_gazebo build --build-base /home/aniketh05/ros2_slam_ws/build/ekf_slam_gazebo/build install --record /home/aniketh05/ros2_slam_ws/build/ekf_slam_gazebo/install.log --single-version-externally-managed install_data
[1.030s] running egg_info
[1.031s] writing ../../build/ekf_slam_gazebo/ekf_slam_gazebo.egg-info/PKG-INFO
[1.031s] writing dependency_links to ../../build/ekf_slam_gazebo/ekf_slam_gazebo.egg-info/dependency_links.txt
[1.031s] writing entry points to ../../build/ekf_slam_gazebo/ekf_slam_gazebo.egg-info/entry_points.txt
[1.032s] writing requirements to ../../build/ekf_slam_gazebo/ekf_slam_gazebo.egg-info/requires.txt
[1.032s] writing top-level names to ../../build/ekf_slam_gazebo/ekf_slam_gazebo.egg-info/top_level.txt
[1.034s] reading manifest file '../../build/ekf_slam_gazebo/ekf_slam_gazebo.egg-info/SOURCES.txt'
[1.035s] writing manifest file '../../build/ekf_slam_gazebo/ekf_slam_gazebo.egg-info/SOURCES.txt'
[1.036s] running build
[1.036s] running build_py
[1.036s] copying ekf_slam_gazebo/slam_node.py -> /home/aniketh05/ros2_slam_ws/build/ekf_slam_gazebo/build/lib/ekf_slam_gazebo
[1.039s] running install
[1.040s] running install_lib
[1.040s] copying /home/aniketh05/ros2_slam_ws/build/ekf_slam_gazebo/build/lib/ekf_slam_gazebo/slam_node.py -> /home/aniketh05/ros2_slam_ws/install/ekf_slam_gazebo/lib/python3.10/site-packages/ekf_slam_gazebo
[1.041s] byte-compiling /home/aniketh05/ros2_slam_ws/install/ekf_slam_gazebo/lib/python3.10/site-packages/ekf_slam_gazebo/slam_node.py to slam_node.cpython-310.pyc
[1.046s] running install_data
[1.046s] running install_egg_info
[1.048s] removing '/home/aniketh05/ros2_slam_ws/install/ekf_slam_gazebo/lib/python3.10/site-packages/ekf_slam_gazebo-1.0.0-py3.10.egg-info' (and everything under it)
[1.048s] Copying ../../build/ekf_slam_gazebo/ekf_slam_gazebo.egg-info to /home/aniketh05/ros2_slam_ws/install/ekf_slam_gazebo/lib/python3.10/site-packages/ekf_slam_gazebo-1.0.0-py3.10.egg-info
[1.049s] running install_scripts
[1.069s] Installing controller_node script to /home/aniketh05/ros2_slam_ws/install/ekf_slam_gazebo/lib/ekf_slam_gazebo
[1.070s] Installing slam_node script to /home/aniketh05/ros2_slam_ws/install/ekf_slam_gazebo/lib/ekf_slam_gazebo
[1.070s] writing list of installed files to '/home/aniketh05/ros2_slam_ws/build/ekf_slam_gazebo/install.log'
[1.097s] Invoked command in '/home/aniketh05/ros2_slam_ws/src/ekf_slam_gazebo' returned '0': PYTHONPATH=/home/aniketh05/ros2_slam_ws/build/ekf_slam_gazebo/prefix_override:/usr/lib/python3/dist-packages/colcon_core/task/python/colcon_distutils_commands:/home/aniketh05/ros2_slam_ws/install/ekf_slam_gazebo/lib/python3.10/site-packages:${PYTHONPATH} /usr/bin/python3 -W ignore:setup.py install is deprecated -W ignore:easy_install command is deprecated setup.py egg_info --egg-base ../../build/ekf_slam_gazebo build --build-base /home/aniketh05/ros2_slam_ws/build/ekf_slam_gazebo/build install --record /home/aniketh05/ros2_slam_ws/build/ekf_slam_gazebo/install.log --single-version-externally-managed install_data
